[debug] [2019-06-06T16:41:35.799Z] ----------------------------------------------------------------------
[debug] [2019-06-06T16:41:35.802Z] Command:       /usr/local/bin/node /usr/local/bin/firebase deploy
[debug] [2019-06-06T16:41:35.803Z] CLI Version:   6.10.0
[debug] [2019-06-06T16:41:35.803Z] Platform:      darwin
[debug] [2019-06-06T16:41:35.803Z] Node Version:  v10.15.1
[debug] [2019-06-06T16:41:35.814Z] Time:          Thu Jun 06 2019 12:41:35 GMT-0400 (Eastern Daylight Time)
[debug] [2019-06-06T16:41:35.814Z] ----------------------------------------------------------------------
[debug] 
[debug] [2019-06-06T16:41:35.831Z] > command requires scopes: ["email","openid","https://www.googleapis.com/auth/cloudplatformprojects.readonly","https://www.googleapis.com/auth/firebase","https://www.googleapis.com/auth/cloud-platform"]
[debug] [2019-06-06T16:41:35.832Z] > authorizing via signed-in user
[debug] [2019-06-06T16:41:35.832Z] [iam] checking project imperium-enhacks for permissions ["firebase.projects.get","firebasehosting.sites.update"]
[debug] [2019-06-06T16:41:35.838Z] >>> HTTP REQUEST POST https://cloudresourcemanager.googleapis.com/v1/projects/imperium-enhacks:testIamPermissions  

[debug] [2019-06-06T16:41:36.331Z] <<< HTTP RESPONSE 200
[debug] [2019-06-06T16:41:36.334Z] >>> HTTP REQUEST GET https://firebase.googleapis.com/v1beta1/projects/imperium-enhacks  
 
[debug] [2019-06-06T16:41:36.464Z] <<< HTTP RESPONSE 200
[info] 
[info] === Deploying to 'imperium-enhacks'...
[info] 
[info] i  deploying hosting
[debug] [2019-06-06T16:41:36.473Z] >>> HTTP REQUEST POST https://firebasehosting.googleapis.com/v1beta1/sites/imperium-enhacks/versions  

